[INFO] Scanning for projects...
[INFO] 
[INFO] ---------------------< com.nexus:ms-transacciones >---------------------
[INFO] Building ms-transacciones 0.1
[INFO]   from pom.xml
[INFO] --------------------------------[ jar ]---------------------------------
[INFO] 
[INFO] --- clean:3.3.2:clean (default-clean) @ ms-transacciones ---
[INFO] Deleting C:\Users\stephani.rivera\Downloads\Microservicios_Nexus-main (2)\Microservicios_Nexus-main\ms-transacciones\target
[INFO] 
[INFO] --- resources:3.3.1:resources (default-resources) @ ms-transacciones ---
[INFO] Copying 1 resource from src\main\resources to target\classes
[INFO] Copying 0 resource from src\main\resources to target\classes
[INFO] 
[INFO] --- compiler:3.11.0:compile (default-compile) @ ms-transacciones ---
[INFO] Changes detected - recompiling the module! :source
[INFO] Compiling 21 source files with javac [debug release 21] to target\classes
[INFO] -------------------------------------------------------------
[WARNING] COMPILATION WARNING : 
[INFO] -------------------------------------------------------------
[WARNING] /C:/Users/stephani.rivera/Downloads/Microservicios_Nexus-main (2)/Microservicios_Nexus-main/ms-transacciones/src/main/java/com/nexus/ms_transacciones/mapper/TransaccionMapper.java:[20,17] Unmapped target properties: "fechaEjecucion, referencia, mensajeError".
[WARNING] /C:/Users/stephani.rivera/Downloads/Microservicios_Nexus-main (2)/Microservicios_Nexus-main/ms-transacciones/src/main/java/com/nexus/ms_transacciones/mapper/TransaccionMapper.java:[41,17] Unmapped target properties: "fechaEjecucion, mensajeError".
[INFO] 2 warnings 
[INFO] -------------------------------------------------------------
[INFO] -------------------------------------------------------------
[ERROR] COMPILATION ERROR : 
[INFO] -------------------------------------------------------------
[ERROR] /C:/Users/stephani.rivera/Downloads/Microservicios_Nexus-main (2)/Microservicios_Nexus-main/ms-transacciones/src/main/java/com/nexus/ms_transacciones/controller/TransaccionClienteController.java:[33,27] cannot find symbol
  symbol:   class List
  location: class com.nexus.ms_transacciones.controller.TransaccionClienteController
[ERROR] /C:/Users/stephani.rivera/Downloads/Microservicios_Nexus-main (2)/Microservicios_Nexus-main/ms-transacciones/src/main/java/com/nexus/ms_transacciones/controller/TransaccionClienteController.java:[33,32] cannot find symbol
  symbol:   class MovimientoDTO
  location: class com.nexus.ms_transacciones.controller.TransaccionClienteController
[INFO] 2 errors 
[INFO] -------------------------------------------------------------
[INFO] ------------------------------------------------------------------------
[INFO] BUILD FAILURE
[INFO] ------------------------------------------------------------------------
[INFO] Total time:  12.102 s
[INFO] Finished at: 2025-12-21T17:19:37-05:00
[INFO] ------------------------------------------------------------------------
[ERROR] Failed to execute goal org.apache.maven.plugins:maven-compiler-plugin:3.11.0:compile (default-compile) on project ms-transacciones: Compilation failure: Compilation failure: 
[ERROR] /C:/Users/stephani.rivera/Downloads/Microservicios_Nexus-main (2)/Microservicios_Nexus-main/ms-transacciones/src/main/java/com/nexus/ms_transacciones/controller/TransaccionClienteController.java:[33,27] cannot find symbol
[ERROR]   symbol:   class List
[ERROR]   location: class com.nexus.ms_transacciones.controller.TransaccionClienteController
[ERROR] /C:/Users/stephani.rivera/Downloads/Microservicios_Nexus-main (2)/Microservicios_Nexus-main/ms-transacciones/src/main/java/com/nexus/ms_transacciones/controller/TransaccionClienteController.java:[33,32] cannot find symbol
[ERROR]   symbol:   class MovimientoDTO
[ERROR]   location: class com.nexus.ms_transacciones.controller.TransaccionClienteController
[ERROR] -> [Help 1]
[ERROR] 
[ERROR] To see the full stack trace of the errors, re-run Maven with the -e switch.
[ERROR] Re-run Maven using the -X switch to enable full debug logging.
[ERROR] 
[ERROR] For more information about the errors and possible solutions, please read the following articles:
[ERROR] [Help 1] http://cwiki.apache.org/confluence/display/MAVEN/MojoFailureException
